<?xml version="1.0" encoding="UTF-8"?>
<!-- Generated by org.testng.reporters.JUnitXMLReporter -->
<testsuite ignored="0" hostname="Alphageek" failures="0" tests="2" name="Default test" time="20.947" errors="0" timestamp="2024-01-28T03:05:40 IST">
  <testcase classname="com.tutorialsninja.tests.Login" name="verifyLoginWithInvalidCredentials" time="16.909"/>
  <testcase classname="com.tutorialsninja.tests.Login" name="verifyLoginWithValidCredentials" time="3.988"/>
</testsuite> <!-- Default test -->
